0 info it worked if it ends with ok
1 verbose cli [ 'C:\\Program Files\\nodejs\\node.exe',
1 verbose cli   'C:\\Program Files\\nodejs\\node_modules\\npm\\bin\\npm-cli.js',
1 verbose cli   'run',
1 verbose cli   'start-watch' ]
2 info using npm@4.1.2
3 info using node@v7.7.1
4 verbose run-script [ 'prestart-watch', 'start-watch', 'poststart-watch' ]
5 info lifecycle react-challenge@0.0.1~prestart-watch: react-challenge@0.0.1
6 silly lifecycle react-challenge@0.0.1~prestart-watch: no script for prestart-watch, continuing
7 info lifecycle react-challenge@0.0.1~start-watch: react-challenge@0.0.1
8 verbose lifecycle react-challenge@0.0.1~start-watch: unsafe-perm in lifecycle true
9 verbose lifecycle react-challenge@0.0.1~start-watch: PATH: C:\Program Files\nodejs\node_modules\npm\bin\node-gyp-bin;C:\Git\react-challenge\node_modules\.bin;C:\Program Files (x86)\NVIDIA Corporation\PhysX\Common;C:\ProgramData\Oracle\Java\javapath;C:\Program Files (x86)\Common Files\Intel\Shared Files\cpp\bin\Intel64;C:\WINDOWS\system32;C:\WINDOWS;C:\WINDOWS\System32\Wbem;C:\WINDOWS\System32\WindowsPowerShell\v1.0\;C:\Program Files (x86)\ATI Technologies\ATI.ACE\Core-Static;C:\Program Files\Microsoft\Web Platform Installer\;C:\Program Files\Microsoft SQL Server\120\Tools\Binn\;C:\ProgramData\chocolatey\bin;C:\tools\python2;C:\Program Files\Microsoft DNX\Dnvm\;C:\Program Files\Microsoft SQL Server\Client SDK\ODBC\110\Tools\Binn\;C:\Program Files (x86)\Microsoft SQL Server\120\Tools\Binn\ManagementStudio\;C:\Program Files (x86)\Microsoft SQL Server\120\Tools\Binn\;C:\Program Files (x86)\Microsoft SQL Server\120\DTS\Binn\;C:\Program Files\Microsoft SQL Server\120\DTS\Binn\;C:\Program Files (x86)\Windows Kits\8.1\Windows Performance Toolkit\;C:\WINDOWS\system32;C:\WINDOWS;C:\WINDOWS\System32\Wbem;C:\WINDOWS\System32\WindowsPowerShell\v1.0\;C:\Program Files\Common Files\Autodesk Shared\;C:\Program Files\Microsoft SQL Server\130\Tools\Binn\;C:\Program Files\dotnet\;C:\Program Files (x86)\dotnet\;C:\Program Files\nodejs\;C:\Program Files (x86)\Skype\Phone\;C:\Program Files (x86)\Yarn\bin;C:\PostgreSQL\pg96\bin;C:\Users\andrerpena\AppData\Local\Programs\Python\Python35-32\Scripts\;C:\Users\andrerpena\AppData\Local\Programs\Python\Python35-32\;C:\RailsInstaller\Ruby2.2.0\bin;C:\Users\andrerpena\.dnx\bin;C:\Program Files (x86)\Google\Chrome\Application;C:\WINDOWS\system32;C:\WINDOWS;C:\WINDOWS\System32\Wbem;C:\WINDOWS\System32\WindowsPowerShell\v1.0\;C:\Program Files (x86)\ATI Technologies\ATI.ACE\Core-Static;C:\Program Files\nodejs\;C:\Program Files\Microsoft\Web Platform Installer\;C:\Program Files\Microsoft SQL Server\120\Tools\Binn\;C:\Program Files (x86)\Skype\Phone\;C:\ProgramData\chocolatey\bin;C:\HashiCorp\Vagrant\bin;C:\PROGRA~2\Oracle\VirtualBox;C:\tools\cygwin;C:\Program Files (x86)\Microsoft VS Code\bin;C:\Software\flow;C:\Users\andrerpena\AppData\Local\Programs\Git\cmd;C:\Users\andrerpena\AppData\Local\Enthought\Canopy\User;C:\Users\andrerpena\AppData\Local\Enthought\Canopy\User\Scripts;GRADLE_HOME='C:\gradle-2.13-bin\gradle-2.13\bin';C:\Program Files\Docker Toolbox;C:\Program Files\Postgr;C:\Program Files\PostgreSQL\9.6\bin;C:\Users\andrerpena\AppData\Roaming\npm;C:\Users\andrerpena\AppData\Local\Microsoft\WindowsApps;C:\Users\andrerpena\AppData\Local\Yarn\.bin;C:\Software\cmder
10 verbose lifecycle react-challenge@0.0.1~start-watch: CWD: C:\Git\react-challenge
11 silly lifecycle react-challenge@0.0.1~start-watch: Args: [ '/d /s /c',
11 silly lifecycle   'cross-env NODE_ENV=development nodemon --exec "babel-node ./src/server/index.js"' ]
12 silly lifecycle react-challenge@0.0.1~start-watch: Returned: code: 3221225786  signal: null
13 info lifecycle react-challenge@0.0.1~start-watch: Failed to exec start-watch script
14 verbose stack Error: react-challenge@0.0.1 start-watch: `cross-env NODE_ENV=development nodemon --exec "babel-node ./src/server/index.js"`
14 verbose stack Exit status 3221225786
14 verbose stack     at EventEmitter.<anonymous> (C:\Program Files\nodejs\node_modules\npm\lib\utils\lifecycle.js:279:16)
14 verbose stack     at emitTwo (events.js:106:13)
14 verbose stack     at EventEmitter.emit (events.js:194:7)
14 verbose stack     at ChildProcess.<anonymous> (C:\Program Files\nodejs\node_modules\npm\lib\utils\spawn.js:40:14)
14 verbose stack     at emitTwo (events.js:106:13)
14 verbose stack     at ChildProcess.emit (events.js:194:7)
14 verbose stack     at maybeClose (internal/child_process.js:899:16)
14 verbose stack     at Process.ChildProcess._handle.onexit (internal/child_process.js:226:5)
15 verbose pkgid react-challenge@0.0.1
16 verbose cwd C:\Git\react-challenge
17 error Windows_NT 10.0.14393
18 error argv "C:\\Program Files\\nodejs\\node.exe" "C:\\Program Files\\nodejs\\node_modules\\npm\\bin\\npm-cli.js" "run" "start-watch"
19 error node v7.7.1
20 error npm  v4.1.2
21 error code ELIFECYCLE
22 error react-challenge@0.0.1 start-watch: `cross-env NODE_ENV=development nodemon --exec "babel-node ./src/server/index.js"`
22 error Exit status 3221225786
23 error Failed at the react-challenge@0.0.1 start-watch script 'cross-env NODE_ENV=development nodemon --exec "babel-node ./src/server/index.js"'.
23 error Make sure you have the latest version of node.js and npm installed.
23 error If you do, this is most likely a problem with the react-challenge package,
23 error not with npm itself.
23 error Tell the author that this fails on your system:
23 error     cross-env NODE_ENV=development nodemon --exec "babel-node ./src/server/index.js"
23 error You can get information on how to open an issue for this project with:
23 error     npm bugs react-challenge
23 error Or if that isn't available, you can get their info via:
23 error     npm owner ls react-challenge
23 error There is likely additional logging output above.
24 verbose exit [ 1, true ]
